<?xml version="1.0" encoding="UTF-8"?>
<!-- Generated by org.testng.reporters.JUnitReportReporter -->
<testsuite skipped="0" hostname="LAPTOP-15N4ONKA" name="validation.NavigateURL" tests="1" failures="0" timestamp="19 Nov 2018 19:04:17 GMT" time="0.157" errors="0">
  <testcase name="navigateURL" time="0.157" classname="validation.NavigateURL"/>
</testsuite> <!-- validation.NavigateURL -->
