<?xml version="1.0" encoding="UTF-8"?>
<!-- Generated by org.testng.reporters.JUnitReportReporter -->
<testsuite skipped="0" hostname="LAPTOP-15N4ONKA" name="loginPage.NavigateURL" tests="1" failures="0" timestamp="19 Nov 2018 19:41:35 GMT" time="5.220" errors="0">
  <testcase name="navigateURL" time="5.220" classname="loginPage.NavigateURL"/>
</testsuite> <!-- loginPage.NavigateURL -->
