<?xml version="1.0" encoding="UTF-8"?>
<!-- Generated by org.testng.reporters.JUnitReportReporter -->
<testsuite skipped="0" hostname="P4A-DQNMX52" name="loginPage.Login" tests="1" failures="0" timestamp="21 Nov 2018 14:01:44 GMT" time="7.073" errors="0">
  <testcase name="validateLogin" time="7.073" classname="loginPage.Login"/>
</testsuite> <!-- loginPage.Login -->
