<?xml version="1.0" encoding="UTF-8"?>
<!-- Generated by org.testng.reporters.JUnitReportReporter -->
<testsuite skipped="0" hostname="P4A-DQNMX52" name="loginPage.NavigateURL" tests="1" failures="0" timestamp="21 Nov 2018 13:59:53 GMT" time="3.661" errors="0">
  <testcase name="navigateURL" time="3.661" classname="loginPage.NavigateURL"/>
</testsuite> <!-- loginPage.NavigateURL -->
