<?xml version="1.0" encoding="UTF-8"?>
<!-- Generated by org.testng.reporters.JUnitReportReporter -->
<testsuite skipped="0" hostname="LAPTOP-15N4ONKA" name="validation.Navigation" tests="1" failures="0" timestamp="19 Nov 2018 18:50:44 GMT" time="3.249" errors="0">
  <testcase name="initialize" time="3.249" classname="validation.Navigation"/>
</testsuite> <!-- validation.Navigation -->
